<?xml version="1.0" encoding="UTF-8"?>
<testsuite xmlns:xsi="http://www.w3.org/2001/XMLSchema-instance" xsi:schemaLocation="https://maven.apache.org/surefire/maven-surefire-plugin/xsd/surefire-test-report.xsd" name="io.helidon.example.jpa.MainTest" time="9.938" tests="2" errors="0" skipped="0" failures="0">
  <properties>
[...]
</properties>
  <testcase name="testRoot" classname="io.helidon.example.jpa.MainTest" time="0.89"/>
  <testcase name="testRestResource" classname="io.helidon.example.jpa.MainTest" time="0.296"/>
</testsuite>